2021-05-02T17:38:39.456+0800	ERROR	user/mutate.go:40	Create ActivityRecord error: <nil>
2021-05-03T15:12:37.960+0800	ERROR	middleware/error.go:62	[Recovery from panic]{error 26 0  interface conversion: interface {} is nil, not int} {request 15 0 POST /api/v1/auth/login HTTP/1.1
Host: 127.0.0.1:8080
Accept: */*
Accept-Encoding: gzip, deflate, br
Connection: keep-alive
Content-Length: 48
Content-Type: application/json
Postman-Token: c0415843-736a-4e0b-889d-61a854ef3953
User-Agent: PostmanRuntime/7.26.8

 <nil>}
2021-05-03T23:19:00.835+0800	ERROR	middleware/error.go:62	[Recovery from panic]{error 26 0  interface conversion: interface {} is float64, not string} {request 15 0 PUT /api/v1/account/profile HTTP/1.1
Host: 127.0.0.1:8080
Accept: */*
Accept-Encoding: gzip, deflate, br
Authorization: Bearer eyJhbGciOiJIUzI1NiIsInR5cCI6IkpXVCJ9.eyJpZCI6MTM4ODc4NDU0NDk2MTc5NDA0OCwibmFtZSI6IuefpeemviIsInVzZXJuYW1lIjoiemhpaGUiLCJyb2xlIjowLCJleHAiOjE2MjI2MDU0MjYsImlzcyI6InR3aWdpciJ9.bPSNZzkUFF9Hf5lpeLWDzm6p2fi6M6yO0Mkfcohfw8k
Connection: keep-alive
Content-Length: 114
Content-Type: application/json
Cookie: appsession=MTYyMDAyNjkyOHxOd3dBTkZWU1ZFaEVURTh5UXpSRVZVSlJSemRQTlUxVFFsUlBSRVZRV1UxTVIxSlVNMVJJUjBzelRqVlRORUpEU0ZkT1FVMUNUMUU9fIEtrHERFIyD5CHi4F_sfv95mUmSd7pfq-1KHGSJK2bZ; mysession=MTYyMDAyODY5OHxOd3dBTkVZeVFUTk5WRkpJVWpNeVdrVkxORk5LU0ZSWU1rcEhNek5ZTkU1YVEwRkNRMHhIV2tWR1FVbFZURFJGVmxJMFRGbERXbEU9fAZ0RE7tslPooTwJ1souj6yGetxH_i-fbCYJVSAkwJV5; tlogsession=MTYyMDAyOTY5MXxEdi1CQkFFQ180SUFBUkFCRUFBQUlQLUNBQUVHYzNSeWFXNW5EQXNBQ1RFeU55NHdMakF1TVFOcGJuUUVBZ0FFfJLiRlpVyraUkuXbVMXR38-QhupUu3QiSImiKGIU15hh
Postman-Token: f682450d-3cbe-4163-bfd8-287773dff725
User-Agent: PostmanRuntime/7.26.8

 <nil>}
2021-05-03T23:21:06.061+0800	ERROR	middleware/error.go:62	[Recovery from panic]{error 26 0  interface conversion: interface {} is float64, not string} {request 15 0 PUT /api/v1/account/profile HTTP/1.1
Host: 127.0.0.1:8080
Accept: */*
Accept-Encoding: gzip, deflate, br
Authorization: Bearer eyJhbGciOiJIUzI1NiIsInR5cCI6IkpXVCJ9.eyJpZCI6MTM4ODc4NDU0NDk2MTc5NDA0OCwibmFtZSI6IuefpeemviIsInVzZXJuYW1lIjoiemhpaGUiLCJyb2xlIjowLCJleHAiOjE2MjI2MDU0MjYsImlzcyI6InR3aWdpciJ9.bPSNZzkUFF9Hf5lpeLWDzm6p2fi6M6yO0Mkfcohfw8k
Connection: keep-alive
Content-Length: 57
Content-Type: application/json
Cookie: appsession=MTYyMDAyNjkyOHxOd3dBTkZWU1ZFaEVURTh5UXpSRVZVSlJSemRQTlUxVFFsUlBSRVZRV1UxTVIxSlVNMVJJUjBzelRqVlRORUpEU0ZkT1FVMUNUMUU9fIEtrHERFIyD5CHi4F_sfv95mUmSd7pfq-1KHGSJK2bZ; mysession=MTYyMDAyODY5OHxOd3dBTkVZeVFUTk5WRkpJVWpNeVdrVkxORk5LU0ZSWU1rcEhNek5ZTkU1YVEwRkNRMHhIV2tWR1FVbFZURFJGVmxJMFRGbERXbEU9fAZ0RE7tslPooTwJ1souj6yGetxH_i-fbCYJVSAkwJV5; tlogsession=MTYyMDAyOTY5MXxEdi1CQkFFQ180SUFBUkFCRUFBQUlQLUNBQUVHYzNSeWFXNW5EQXNBQ1RFeU55NHdMakF1TVFOcGJuUUVBZ0FFfJLiRlpVyraUkuXbVMXR38-QhupUu3QiSImiKGIU15hh
Postman-Token: 01e74dba-64d7-4425-ac3c-997aa4be7934
User-Agent: PostmanRuntime/7.26.8

 <nil>}
2021-05-05T14:52:13.523+0800	ERROR	users/auth.go:43	error: name[杨超越01] exist : an existing connection was forcibly closed, please check your network
2021-05-05T16:14:07.067+0800	ERROR	users/relation.go:80	error: 1388784544961794048 shield  1389835962464342016 is fail
2021-05-10T19:38:21.766+0800	ERROR	status/mutate.go:33	error: create status fail : connection refused for being released
2021-05-10T19:39:42.208+0800	ERROR	status/mutate.go:35	error: create status fail : connection refused for being released
2021-05-10T20:31:23.968+0800	ERROR	status/mutate.go:35	error: create status fail : SemanticError: Unknown column `text' in schema
2021-05-10T20:31:58.235+0800	ERROR	status/mutate.go:35	error: create status fail : EdgeName `mentions'  is nonexistent
2021-05-10T20:33:12.099+0800	ERROR	status/mutate.go:35	error: create status fail : Storage Error: The data type does not meet the requirements. Use the correct type of data.
2021-05-10T20:34:13.123+0800	ERROR	status/mutate.go:35	error: create status fail : Storage Error: The data type does not meet the requirements. Use the correct type of data.
2021-05-10T21:15:54.984+0800	ERROR	status/mutate.go:35	error: create status fail : Storage Error: The data type does not meet the requirements. Use the correct type of data.
2021-05-10T21:18:10.158+0800	ERROR	status/mutate.go:35	error: create status fail : Storage Error: The data type does not meet the requirements. Use the correct type of data.
2021-05-10T21:18:46.366+0800	ERROR	status/mutate.go:35	error: create status fail : Storage Error: The data type does not meet the requirements. Use the correct type of data.
2021-05-10T23:45:37.009+0800	ERROR	status/mutate.go:69	error: create status fail : SemanticError: Unknown column `status_type' in schema
